<?xml version="1.0" encoding="UTF-8"?>
<testsuite name="org.launchcode.techjobs.oo.TestTaskFour" tests="6" skipped="0" failures="0" errors="0" timestamp="2023-02-12T23:39:32" hostname="Andrews-MacBook-Pro.local" time="0.087">
  <properties/>
  <testcase name="testTestJobConstructorSetsAllFieldsCallsAsserts" classname="org.launchcode.techjobs.oo.TestTaskFour" time="0.032"/>
  <testcase name="testTestJobsForEqualityExists" classname="org.launchcode.techjobs.oo.TestTaskFour" time="0.001"/>
  <testcase name="testTestJobsForEqualityCallsAssertion" classname="org.launchcode.techjobs.oo.TestTaskFour" time="0.026"/>
  <testcase name="testTestJobConstructorSetsAllFieldsExists" classname="org.launchcode.techjobs.oo.TestTaskFour" time="0.001"/>
  <testcase name="testTestSettingJobIdExists" classname="org.launchcode.techjobs.oo.TestTaskFour" time="0.0"/>
  <testcase name="testTestSettingJobIdCallsJobConstructorTwice" classname="org.launchcode.techjobs.oo.TestTaskFour" time="0.025"/>
  <system-out><![CDATA[]]></system-out>
  <system-err><![CDATA[]]></system-err>
</testsuite>
